XYZReader/build/intermediates/manifest_merge_blame_file/release/manifest-merger-blame-release-report.txt
1<?xml version="1.0" encoding="utf-8"?>
2<manifest xmlns:android="http://schemas.android.com/apk/res/android"
3    package="com.example.xyzreader"
4    android:versionCode="1"
5    android:versionName="1.0" >
6
7    <uses-sdk
8        android:minSdkVersion="19"
8-->src/main/AndroidManifest.xml
9        android:targetSdkVersion="26" />
9-->src/main/AndroidManifest.xml
10
11    <uses-permission android:name="android.permission.INTERNET" />
11-->src/main/AndroidManifest.xml:7:5-67
11-->src/main/AndroidManifest.xml:7:22-64
12    <uses-permission android:name="android.permission.WRITE_EXTERNAL_STORAGE" />
12-->src/main/AndroidManifest.xml:8:5-81
12-->src/main/AndroidManifest.xml:8:22-78
13    <uses-permission android:name="android.permission.BROADCAST_STICKY" />
13-->src/main/AndroidManifest.xml:9:5-75
13-->src/main/AndroidManifest.xml:9:22-72
14    <uses-permission android:name="android.permission.ACCESS_NETWORK_STATE" />
14-->src/main/AndroidManifest.xml:10:5-79
14-->src/main/AndroidManifest.xml:10:22-76
15
16    <application
16-->src/main/AndroidManifest.xml:12:5-54:19
17        android:allowBackup="true"
17-->src/main/AndroidManifest.xml:13:9-35
18        android:appComponentFactory="androidx.core.app.CoreComponentFactory"
18-->[androidx.core:core:1.1.0] AndroidManifest.xml:24:18-86
19        android:icon="@mipmap/ic_launcher"
19-->src/main/AndroidManifest.xml:14:9-43
20        android:label="@string/app_name"
20-->src/main/AndroidManifest.xml:15:9-41
21        android:networkSecurityConfig="@xml/network_security_config"
21-->src/main/AndroidManifest.xml:17:9-69
22        android:testOnly="true"
23        android:theme="@style/AppTheme" >
23-->src/main/AndroidManifest.xml:16:9-40
24        <activity
24-->src/main/AndroidManifest.xml:21:9-27:20
25            android:name="com.example.xyzreader.ui.activity.SplashActivity"
25-->src/main/AndroidManifest.xml:21:19-61
26            android:theme="@style/SplashTheme" >
26-->src/main/AndroidManifest.xml:22:13-47
27            <intent-filter>
27-->src/main/AndroidManifest.xml:23:13-26:29
28                <action android:name="android.intent.action.MAIN" />
28-->src/main/AndroidManifest.xml:24:17-69
28-->src/main/AndroidManifest.xml:24:25-66
29
30                <category android:name="android.intent.category.LAUNCHER" />
30-->src/main/AndroidManifest.xml:25:17-77
30-->src/main/AndroidManifest.xml:25:27-74
31            </intent-filter>
32        </activity>
33        <activity
33-->src/main/AndroidManifest.xml:29:9-31:47
34            android:name="com.example.xyzreader.ui.activity.ArticleListActivity"
34-->src/main/AndroidManifest.xml:30:13-60
35            android:label="@string/app_name" />
35-->src/main/AndroidManifest.xml:31:13-45
36        <activity
36-->src/main/AndroidManifest.xml:33:9-44:20
37            android:name="com.example.xyzreader.ui.activity.ArticleDetailActivity"
37-->src/main/AndroidManifest.xml:34:13-62
38            android:theme="@style/AppTheme.NoActionBar" >
38-->src/main/AndroidManifest.xml:35:13-56
39            <intent-filter>
39-->src/main/AndroidManifest.xml:36:13-40:29
40                <action android:name="android.intent.action.VIEW" />
40-->src/main/AndroidManifest.xml:37:17-69
40-->src/main/AndroidManifest.xml:37:25-66
41
42                <category android:name="android.intent.category.DEFAULT" />
42-->src/main/AndroidManifest.xml:38:17-76
42-->src/main/AndroidManifest.xml:38:27-73
43
44                <data android:mimeType="vnd.android.cursor.item/vnd.com.example.xyzreader.items" />
44-->src/main/AndroidManifest.xml:39:17-100
44-->src/main/AndroidManifest.xml:39:23-97
45            </intent-filter>
46
47            <meta-data
47-->src/main/AndroidManifest.xml:41:13-43:68
48                android:name="android.support.PARENT_ACTIVITY"
48-->src/main/AndroidManifest.xml:42:17-63
49                android:value=".ui.activity.ArticleListActivity" />
49-->src/main/AndroidManifest.xml:43:17-65
50        </activity>
51
52        <service
52-->src/main/AndroidManifest.xml:47:9-48:40
53            android:name="com.example.xyzreader.data.UpdaterService"
53-->src/main/AndroidManifest.xml:47:18-53
54            android:exported="false" />
54-->src/main/AndroidManifest.xml:48:13-37
55
56        <provider
56-->src/main/AndroidManifest.xml:50:9-52:40
57            android:name="com.example.xyzreader.data.ItemsProvider"
57-->src/main/AndroidManifest.xml:50:19-53
58            android:authorities="com.example.xyzreader"
58-->src/main/AndroidManifest.xml:51:13-56
59            android:exported="false" />
59-->src/main/AndroidManifest.xml:52:13-37
60    </application>
61
62</manifest>